[debug] [2024-08-22T17:03:59.354Z] ----------------------------------------------------------------------
[debug] [2024-08-22T17:03:59.357Z] Command:       C:\Program Files\nodejs\node.exe C:\Users\sneha padhi\AppData\Roaming\npm\node_modules\firebase-tools\lib\bin\firebase.js init hosting
[debug] [2024-08-22T17:03:59.357Z] CLI Version:   13.15.4
[debug] [2024-08-22T17:03:59.357Z] Platform:      win32
[debug] [2024-08-22T17:03:59.357Z] Node Version:  v20.16.0
[debug] [2024-08-22T17:03:59.358Z] Time:          Thu Aug 22 2024 22:33:59 GMT+0530 (India Standard Time)
[debug] [2024-08-22T17:03:59.358Z] ----------------------------------------------------------------------
[debug] 
[debug] [2024-08-22T17:03:59.364Z] > command requires scopes: ["email","openid","https://www.googleapis.com/auth/cloudplatformprojects.readonly","https://www.googleapis.com/auth/firebase","https://www.googleapis.com/auth/cloud-platform"]
[debug] [2024-08-22T17:03:59.364Z] > authorizing via signed-in user (sneha.padhi0408@gmail.com)
[info] 
     ######## #### ########  ######## ########     ###     ######  ########
     ##        ##  ##     ## ##       ##     ##  ##   ##  ##       ##
     ######    ##  ########  ######   ########  #########  ######  ######
     ##        ##  ##    ##  ##       ##     ## ##     ##       ## ##
     ##       #### ##     ## ######## ########  ##     ##  ######  ########

You're about to initialize a Firebase project in this directory:

  C:\Users\sneha padhi\OneDrive\Desktop\Expense Tracker\expense-tracker

[info] 
=== Project Setup
[info] 
[info] First, let's associate this project directory with a Firebase project.
[info] You can create multiple project aliases by running firebase use --add, 
[info] but for now we'll just set up a default project.
[info] 
[debug] [2024-08-22T17:04:09.724Z] > refreshing access token with scopes: []
[debug] [2024-08-22T17:04:09.727Z] >>> [apiv2][query] POST https://www.googleapis.com/oauth2/v3/token [none]
[debug] [2024-08-22T17:04:09.728Z] >>> [apiv2][body] POST https://www.googleapis.com/oauth2/v3/token [omitted]
[debug] [2024-08-22T17:04:10.093Z] <<< [apiv2][status] POST https://www.googleapis.com/oauth2/v3/token 400
[debug] [2024-08-22T17:04:10.093Z] <<< [apiv2][body] POST https://www.googleapis.com/oauth2/v3/token [omitted]
[debug] [2024-08-22T17:04:10.095Z] >>> [apiv2][query] GET https://firebase.googleapis.com/v1beta1/projects pageSize=100
[debug] [2024-08-22T17:04:10.446Z] <<< [apiv2][status] GET https://firebase.googleapis.com/v1beta1/projects 401
[debug] [2024-08-22T17:04:10.446Z] <<< [apiv2][body] GET https://firebase.googleapis.com/v1beta1/projects [omitted]
[debug] [2024-08-22T17:04:10.447Z] HTTP Error: 401, Request had invalid authentication credentials. Expected OAuth 2 access token, login cookie or other valid authentication credential. See https://developers.google.com/identity/sign-in/web/devconsole-project.
[debug] [2024-08-22T17:04:10.592Z] FirebaseError: HTTP Error: 401, Request had invalid authentication credentials. Expected OAuth 2 access token, login cookie or other valid authentication credential. See https://developers.google.com/identity/sign-in/web/devconsole-project.
    at responseToError (C:\Users\sneha padhi\AppData\Roaming\npm\node_modules\firebase-tools\lib\responseToError.js:49:12)
    at RetryOperation._fn (C:\Users\sneha padhi\AppData\Roaming\npm\node_modules\firebase-tools\lib\apiv2.js:305:77)
    at process.processTicksAndRejections (node:internal/process/task_queues:95:5)
[error] 
[error] Error: Failed to list Firebase projects. See firebase-debug.log for more info.
[debug] [2024-08-22T18:05:38.811Z] ----------------------------------------------------------------------
[debug] [2024-08-22T18:05:38.814Z] Command:       C:\Program Files\nodejs\node.exe C:\Users\sneha padhi\AppData\Roaming\npm\node_modules\firebase-tools\lib\bin\firebase.js init hosting
[debug] [2024-08-22T18:05:38.814Z] CLI Version:   13.15.4
[debug] [2024-08-22T18:05:38.814Z] Platform:      win32
[debug] [2024-08-22T18:05:38.814Z] Node Version:  v20.16.0
[debug] [2024-08-22T18:05:38.814Z] Time:          Thu Aug 22 2024 23:35:38 GMT+0530 (India Standard Time)
[debug] [2024-08-22T18:05:38.815Z] ----------------------------------------------------------------------
[debug] 
[debug] [2024-08-22T18:05:38.869Z] > command requires scopes: ["email","openid","https://www.googleapis.com/auth/cloudplatformprojects.readonly","https://www.googleapis.com/auth/firebase","https://www.googleapis.com/auth/cloud-platform"]
[debug] [2024-08-22T18:05:38.870Z] > authorizing via signed-in user (sneha.padhi0408@gmail.com)
[info] 
     ######## #### ########  ######## ########     ###     ######  ########
     ##        ##  ##     ## ##       ##     ##  ##   ##  ##       ##
     ######    ##  ########  ######   ########  #########  ######  ######
     ##        ##  ##    ##  ##       ##     ## ##     ##       ## ##
     ##       #### ##     ## ######## ########  ##     ##  ######  ########

You're about to initialize a Firebase project in this directory:

  C:\Users\sneha padhi\OneDrive\Desktop\Expense Tracker

Before we get started, keep in mind:

  * You are initializing within an existing Firebase project directory

